[debug] [2025-11-12T05:03:51.525Z] ----------------------------------------------------------------------
[debug] [2025-11-12T05:03:51.528Z] Command:       C:\Program Files\nodejs\node.exe C:\Users\Potego\AppData\Roaming\npm\node_modules\firebase-tools\lib\bin\firebase.js init
[debug] [2025-11-12T05:03:51.529Z] CLI Version:   14.24.2
[debug] [2025-11-12T05:03:51.529Z] Platform:      win32
[debug] [2025-11-12T05:03:51.529Z] Node Version:  v22.17.0
[debug] [2025-11-12T05:03:51.529Z] Time:          Tue Nov 11 2025 21:03:51 GMT-0800 (Pacific Standard Time)
[debug] [2025-11-12T05:03:51.530Z] ----------------------------------------------------------------------
[debug] 
[info] 
     ######## #### ########  ######## ########     ###     ######  ########
     ##        ##  ##     ## ##       ##     ##  ##   ##  ##       ##
     ######    ##  ########  ######   ########  #########  ######  ######
     ##        ##  ##    ##  ##       ##     ## ##     ##       ## ##
     ##       #### ##     ## ######## ########  ##     ##  ######  ########

You're about to initialize a Firebase project in this directory:

  C:\Users\Potego\OneDrive\Documents\GitHub\SHiftGuard

Before we get started, keep in mind:

  * You are initializing within an existing Firebase project directory

[info] 
=== Project Setup
[info] 
[info] First, let's associate this project directory with a Firebase project.
[info] You can create multiple project aliases by running firebase use --add, 
[info] 
[debug] [2025-11-12T05:04:30.933Z] > command requires scopes: ["email","openid","https://www.googleapis.com/auth/cloudplatformprojects.readonly","https://www.googleapis.com/auth/firebase","https://www.googleapis.com/auth/cloud-platform"]
[debug] [2025-11-12T05:04:30.934Z] > authorizing via signed-in user (potegomailepm@gmail.com)
[debug] [2025-11-12T05:04:30.936Z] Checked if tokens are valid: false, expires at: 1762924116136
[debug] [2025-11-12T05:04:30.936Z] Checked if tokens are valid: false, expires at: 1762924116136
[debug] [2025-11-12T05:04:30.936Z] > refreshing access token with scopes: []
[debug] [2025-11-12T05:04:30.939Z] >>> [apiv2][query] POST https://www.googleapis.com/oauth2/v3/token [none]
[debug] [2025-11-12T05:04:30.939Z] >>> [apiv2][body] POST https://www.googleapis.com/oauth2/v3/token [omitted]
[debug] [2025-11-12T05:04:31.648Z] <<< [apiv2][status] POST https://www.googleapis.com/oauth2/v3/token 200
[debug] [2025-11-12T05:04:31.649Z] <<< [apiv2][body] POST https://www.googleapis.com/oauth2/v3/token [omitted]
[debug] [2025-11-12T05:04:31.674Z] >>> [apiv2][query] GET https://firebase.googleapis.com/v1beta1/projects pageSize=100
[debug] [2025-11-12T05:04:32.591Z] <<< [apiv2][status] GET https://firebase.googleapis.com/v1beta1/projects 200
[debug] [2025-11-12T05:04:32.591Z] <<< [apiv2][body] GET https://firebase.googleapis.com/v1beta1/projects [omitted]
[info] 
=== Hosting Setup
[debug] [2025-11-12T05:05:11.301Z] Checked if tokens are valid: true, expires at: 1762927470650
[debug] [2025-11-12T05:05:11.301Z] Checked if tokens are valid: true, expires at: 1762927470650
[debug] [2025-11-12T05:05:11.302Z] >>> [apiv2][query] GET https://firebase.googleapis.com/v1beta1/projects/contact-form-d6fc5 [none]
[debug] [2025-11-12T05:05:12.007Z] <<< [apiv2][status] GET https://firebase.googleapis.com/v1beta1/projects/contact-form-d6fc5 200
[debug] [2025-11-12T05:05:12.008Z] <<< [apiv2][body] GET https://firebase.googleapis.com/v1beta1/projects/contact-form-d6fc5 {"projectId":"contact-form-d6fc5","projectNumber":"1029484583788","displayName":"Contact-form","name":"projects/contact-form-d6fc5","resources":{"hostingSite":"contact-form-d6fc5"},"state":"ACTIVE","etag":"1_a6fdf4ec-2c08-42be-8a4e-4d1aab4c4fb8"}
[info] 
[info] Your public directory is the folder (relative to your project directory) that
[info] will contain Hosting assets to be uploaded with firebase deploy. If you
[info] have a build process for your assets, use your build's output directory.
[info] 
